<?xml version="1.0" encoding="UTF-8"?>
<!-- Generated by org.testng.reporters.JUnitXMLReporter -->
<testsuite ignored="0" hostname="Dell-Home-laptop" failures="0" tests="4" name="HappyScenarios" time="53.28" errors="0" timestamp="2025-01-20T09:36:36 AEST">
  <testcase classname="tests.HomePageTest" name="validateTitle" time="1.034"/>
  <testcase classname="tests.HomePageTest" name="searchTest" time="4.648"/>
  <testcase classname="tests.HomePageTest" name="searchTest" time="1.674"/>
  <testcase classname="tests.HomePageTest" name="searchTest" time="1.147"/>
</testsuite> <!-- HappyScenarios -->
