<?xml version="1.0" encoding="UTF-8"?>
<testng-results ignored="0" total="1" passed="1" failed="0" skipped="0">
  <reporter-output>
  </reporter-output>
  <suite started-at="2025-01-20T10:39:48 AEST" name="Regression" finished-at="2025-01-20T10:40:29 AEST" duration-ms="41678">
    <groups>
    </groups>
    <test started-at="2025-01-20T10:39:48 AEST" name="HappyLoginScenarios" finished-at="2025-01-20T10:40:29 AEST" duration-ms="41678">
      <class name="tests.LoginSucess">
        <test-method is-config="true" signature="setup()[pri:0, instance:tests.LoginSucess@4f83df68]" started-at="2025-01-20T10:39:48 AEST" name="setup" finished-at="2025-01-20T10:40:12 AEST" duration-ms="23735" status="PASS">
          <reporter-output>
          </reporter-output>
        </test-method> <!-- setup -->
        <test-method signature="loginUser_Passed()[pri:0, instance:tests.LoginSucess@4f83df68]" started-at="2025-01-20T10:40:12 AEST" name="loginUser_Passed" finished-at="2025-01-20T10:40:14 AEST" duration-ms="2113" status="PASS">
          <reporter-output>
          </reporter-output>
        </test-method> <!-- loginUser_Passed -->
        <test-method is-config="true" signature="teardown()[pri:0, instance:tests.LoginSucess@4f83df68]" started-at="2025-01-20T10:40:14 AEST" name="teardown" finished-at="2025-01-20T10:40:29 AEST" duration-ms="15016" status="PASS">
          <reporter-output>
          </reporter-output>
        </test-method> <!-- teardown -->
      </class> <!-- tests.LoginSucess -->
    </test> <!-- HappyLoginScenarios -->
  </suite> <!-- Regression -->
</testng-results>
